# SEGGER J-Link RTT Viewer V8.12e Terminal Log File
# Compiled: 12:24:57 on Feb  5 2025
# Logging started @ 21 May 2025 10:13:01
00> ClockTime: 528
00> ClockTime: 527
00> ClockTime: 526
00> -BATT= 03.68  -RF Gap= 00000.00000  -ION VDD= 00000.00000
00> AL(1)Op(1)exT(35975)sT(0)Wf(0)DIS(255)USB(255)
00> -BATT= 03.68  -RF Gap= 00000.00000  -ION VDD= 00000.00000
00> AL(1)Op(1)exT(34975)sT(0)Wf(0)DIS(255)USB(255)
00> -BATT= 03.68  -RF Gap= 00000.00000  -ION VDD= 00000.00000
00> AL(1)Op(1)exT(33975)sT(0)Wf(0)DIS(255)USB(255)
00> -BATT= 03.68  -RF Gap= 00000.00000  -ION VDD= 00002.29743
00> AL(1)Op(1)exT(35996)sT(0)Wf(0)DIS(255)USB(255)
00> ClockTime: 525
00> ClockTime: 524
00> ClockTime: 523
00> ClockTime: 522
00> ClockTime: 521
00> -BATT= 03.68  -RF Gap= 00000.00000  -ION VDD= 00002.88937
00> AL(1)Op(1)exT(35994)sT(0)Wf(0)DIS(255)USB(255)
00> ClockTime: 520
00> ClockTime: 519
00> ClockTime: 518
00> ClockTime: 517
00> ClockTime: 516
00> -BATT= 03.68  -RF Gap= 00000.00000  -ION VDD= 00002.88791
00> AL(1)Op(1)exT(35994)sT(0)Wf(0)DIS(255)USB(255)
00> ClockTime: 515
00> ClockTime: 514
00> ClockTime: 513
00> ClockTime: 512
00> ClockTime: 511
00> -BATT= 03.68  -RF Gap= 00000.00000  -ION VDD= 00002.89084
00> AL(1)Op(1)exT(35999)sT(0)Wf(0)DIS(255)USB(255)
00> ClockTime: 510
00> ClockTime: 509
00> ClockTime: 508
00> ClockTime: 507
00> ClockTime: 506
00> -BATT= 03.68  -RF Gap= 00000.00000  -ION VDD= 00002.88644
00> AL(1)Op(1)exT(35997)sT(0)Wf(0)DIS(255)USB(255)
00> ClockTime: 505
00> ClockTime: 504
00> ClockTime: 503
00> ClockTime: 502
00> ClockTime: 501
00> -BATT= 03.68  -RF Gap= 00000.00000  -ION VDD= 00002.88864
00> AL(1)Op(1)exT(35994)sT(0)Wf(0)DIS(255)USB(255)
00> ClockTime: 500
00> ClockTime: 499
00> ClockTime: 498
00> ClockTime: 497
00> ClockTime: 496
00> -BATT= 03.68  -RF Gap= 00000.00000  -ION VDD= 00002.88571
00> AL(1)Op(1)exT(35995)sT(0)Wf(0)DIS(255)USB(255)
00> ClockTime: 495
00> ClockTime: 494
00> ClockTime: 493
00> ClockTime: 492
00> ClockTime: 491
00> -BATT= 03.68  -RF Gap= 00000.00000  -ION VDD= 00002.88937
00> AL(1)Op(1)exT(36000)sT(0)Wf(0)DIS(255)USB(255)
00> ClockTime: 490
00> ClockTime: 489
00> ClockTime: 488
00> ClockTime: 487
00> ClockTime: 486
00> -BATT= 03.68  -RF Gap= 00000.00000  -ION VDD= 00002.87619
00> AL(1)Op(1)exT(35994)sT(0)Wf(0)DIS(255)USB(255)
00> ClockTime: 485
00> ClockTime: 484
00> ClockTime: 483
00> ClockTime: 482
00> ClockTime: 481
00> -BATT= 03.68  -RF Gap= 00000.00000  -ION VDD= 00002.89084
00> AL(1)Op(1)exT(35994)sT(0)Wf(0)DIS(255)USB(255)
00> ClockTime: 480
00> ClockTime: 479
00> ClockTime: 478
00> ClockTime: 477
00> ClockTime: 476
00> -BATT= 03.68  -RF Gap= 00000.00000  -ION VDD= 00002.88644
00> AL(1)Op(1)exT(35999)sT(0)Wf(0)DIS(255)USB(255)
00> ClockTime: 475
00> ClockTime: 474
00> ClockTime: 473
00> ClockTime: 472
00> ClockTime: 471
00> -BATT= 03.68  -RF Gap= 00000.00000  -ION VDD= 00002.88937
00> AL(1)Op(1)exT(35997)sT(0)Wf(0)DIS(255)USB(255)
00> ClockTime: 470
00> ClockTime: 469
00> ClockTime: 468
00> ClockTime: 467
00> ClockTime: 466
00> -BATT= 03.68  -RF Gap= 00000.00000  -ION VDD= 00002.88424
00> AL(1)Op(1)exT(35994)sT(0)Wf(0)DIS(255)USB(255)
00> ClockTime: 465
00> ClockTime: 464
00> ClockTime: 463
00> ClockTime: 462
00> -BATT= 03.68  -RF Gap= 00000.00000  -ION VDD= 00000.00000
00> AL(1)Op(1)exT(35973)sT(0)Wf(0)DIS(255)USB(255)
00> -BATT= 03.68  -RF Gap= 00000.00000  -ION VDD= 00000.00000
00> AL(1)Op(1)exT(35267)sT(0)Wf(0)DIS(255)USB(255)
00> -BATT= 03.68  -RF Gap= 00000.00000  -ION VDD= 00000.00000
00> AL(1)Op(1)exT(34267)sT(0)Wf(0)DIS(255)USB(255)
00> -BATT= 03.68  -RF Gap= 00000.00000  -ION VDD= 00000.00000
00> AL(1)Op(1)exT(33267)sT(0)Wf(0)DIS(255)USB(255)
00> -BATT= 03.68  -RF Gap= 00000.00000  -ION VDD= 00000.00000
00> AL(1)Op(1)exT(32267)sT(0)Wf(0)DIS(255)USB(255)
00> -BATT= 03.68  -RF Gap= 00000.00000  -ION VDD= 00000.00000
00> AL(1)Op(1)exT(31267)sT(0)Wf(0)DIS(255)USB(255)
00> -BATT= 03.68  -RF Gap= 00000.00000  -ION VDD= 00000.00000
00> AL(1)Op(1)exT(30267)sT(0)Wf(0)DIS(255)USB(255)
00> -BATT= 03.68  -RF Gap= 00000.00000  -ION VDD= 00000.00000
00> AL(1)Op(1)exT(29267)sT(0)Wf(0)DIS(255)USB(255)
00> -BATT= 03.68  -RF Gap= 00000.00000  -ION VDD= 00000.00000
00> AL(1)Op(1)exT(28267)sT(0)Wf(0)DIS(255)USB(255)
00> -BATT= 03.68  -RF Gap= 00000.00000  -ION VDD= 00000.00000
00> AL(1)Op(1)exT(27267)sT(0)Wf(0)DIS(255)USB(255)
00> -BATT= 03.68  -RF Gap= 00000.00000  -ION VDD= 00000.00000
00> AL(1)Op(1)exT(26267)sT(0)Wf(0)DIS(255)USB(255)
00> -BATT= 03.68  -RF Gap= 00000.00000  -ION VDD= 00000.00000
00> AL(1)Op(1)exT(25267)sT(0)Wf(0)DIS(255)USB(255)
00> -BATT= 03.68  -RF Gap= 00000.00000  -ION VDD= 00000.00000
00> AL(1)Op(1)exT(24267)sT(0)Wf(0)DIS(255)USB(255)
00> -BATT= 03.68  -RF Gap= 00000.00000  -ION VDD= 00000.00000
00> AL(1)Op(1)exT(23267)sT(0)Wf(0)DIS(255)USB(255)
00> -BATT= 03.68  -RF Gap= 00000.00000  -ION VDD= 00000.00000
00> AL(1)Op(1)exT(22267)sT(0)Wf(0)DIS(255)USB(255)
00> -BATT= 03.68  -RF Gap= 00000.00000  -ION VDD= 00000.00000
00> AL(1)Op(1)exT(21267)sT(0)Wf(0)DIS(255)USB(255)
00> -BATT= 03.68  -RF Gap= 00000.00000  -ION VDD= 00000.00000
00> AL(1)Op(1)exT(20267)sT(0)Wf(0)DIS(255)USB(255)
00> -BATT= 03.68  -RF Gap= 00000.00000  -ION VDD= 00000.00000
00> AL(1)Op(1)exT(19267)sT(0)Wf(0)DIS(255)USB(255)
00> -BATT= 03.68  -RF Gap= 00000.00000  -ION VDD= 00000.00000
00> AL(1)Op(1)exT(18267)sT(0)Wf(0)DIS(255)USB(255)
00> -BATT= 03.68  -RF Gap= 00000.00000  -ION VDD= 00000.00000
00> AL(1)Op(1)exT(17267)sT(0)Wf(0)DIS(255)USB(255)
00> -BATT= 03.68  -RF Gap= 00000.00000  -ION VDD= 00000.00000
00> AL(1)Op(1)exT(16267)sT(0)Wf(0)DIS(255)USB(255)
00> -BATT= 03.68  -RF Gap= 00000.00000  -ION VDD= 00000.00000
00> AL(1)Op(1)exT(15267)sT(0)Wf(0)DIS(255)USB(255)
00> -BATT= 03.68  -RF Gap= 00000.00000  -ION VDD= 00000.00000
00> AL(1)Op(1)exT(14267)sT(0)Wf(0)DIS(255)USB(255)
00> -BATT= 03.68  -RF Gap= 00000.00000  -ION VDD= 00000.00000
00> AL(1)Op(1)exT(13267)sT(0)Wf(0)DIS(255)USB(255)
00> -BATT= 03.68  -RF Gap= 00000.00000  -ION VDD= 00000.00000
00> AL(1)Op(1)exT(12267)sT(0)Wf(0)DIS(255)USB(255)
00> -BATT= 03.68  -RF Gap= 00000.00000  -ION VDD= 00000.00000
00> AL(1)Op(1)exT(11267)sT(0)Wf(0)DIS(255)USB(255)
00> -BATT= 03.68  -RF Gap= 00000.00000  -ION VDD= 00000.00000
00> AL(1)Op(1)exT(10267)sT(0)Wf(0)DIS(255)USB(255)
00> -BATT= 03.68  -RF Gap= 00000.00000  -ION VDD= 00000.00000
00> AL(1)Op(1)exT(9267)sT(0)Wf(0)DIS(255)USB(255)
00> -BATT= 03.68  -RF Gap= 00000.00000  -ION VDD= 00000.00000
00> AL(1)Op(1)exT(8267)sT(0)Wf(0)DIS(255)USB(255)
00> -BATT= 03.68  -RF Gap= 00000.00000  -ION VDD= 00000.00000
00> AL(1)Op(1)exT(7267)sT(0)Wf(0)DIS(255)USB(255)
00> -BATT= 03.68  -RF Gap= 00000.00000  -ION VDD= 00000.00000
00> AL(1)Op(1)exT(6267)sT(0)Wf(0)DIS(255)USB(255)
00> -BATT= 03.68  -RF Gap= 00000.00000  -ION VDD= 00000.00000
00> AL(1)Op(1)exT(5267)sT(0)Wf(0)DIS(255)USB(255)
00> -BATT= 03.68  -RF Gap= 00000.00000  -ION VDD= 00000.00000
00> AL(1)Op(1)exT(4267)sT(0)Wf(0)DIS(255)USB(255)
00> -BATT= 03.68  -RF Gap= 00000.00000  -ION VDD= 00000.00000
00> AL(1)Op(1)exT(3267)sT(0)Wf(0)DIS(255)USB(255)
00> -BATT= 03.68  -RF Gap= 00000.00000  -ION VDD= 00000.00000
00> AL(1)Op(1)exT(2267)sT(0)Wf(0)DIS(255)USB(255)
00> -BATT= 03.68  -RF Gap= 00000.00000  -ION VDD= 00000.00000
00> AL(1)Op(1)exT(1267)sT(0)Wf(0)DIS(255)USB(255)
00> -BATT= 03.68  -RF Gap= 00000.00000  -ION VDD= 00000.00000
00> AL(1)Op(1)exT(267)sT(0)Wf(0)DIS(255)USB(255)
00> [ PeriodicWorks_Handler ;  151 ;     441335 ] [ OP_POWER_OFF ] 
00> -BATT= 03.68  -RF Gap= 00000.00000  -ION VDD= 00000.00000
00> AL(0)Op(0)exT(0)sT(267)Wf(0)DIS(255)USB(255)
00> [ ProcessStopMode ;   28 ;     446335 ] [ Enter Stop Mode! ] 
(Connection lost)
00> [ EXTI4_15_IRQHandler ;  132 ;     446345 ] [ Power Button Pressed - Start Timing ] 
00> [ PWR_Reinitialize ;  198 ;     446345 ] [ --> Wakeup by EXTI ] 
00> [ ButtonTimer_Handler ;  785 ;     447545 ] [ Power Button Long Press Detected - Changing Power State ] 
00> [ ButtonTimer_Handler ;  792 ;     447545 ] [ Power On! ] 
00> Power On Voltage: 03.67
00> -BATT= 03.67  -RF Gap= 00000.00000  -ION VDD= 00000.00000
00> AL(1)Op(1)exT(35510)sT(0)Wf(0)DIS(255)USB(255)
00> ClockTime: 179
00> [ EXTI4_15_IRQHandler ;  132 ;     453028 ] [ Power Button Pressed - Start Timing ] 
00> [ EXTI4_15_IRQHandler ;  132 ;     453971 ] [ Power Button Pressed - Start Timing ] 
00> [ EXTI4_15_IRQHandler ;  132 ;     454297 ] [ Power Button Pressed - Start Timing ] 
00> -BATT= 03.67  -RF Gap= 00000.00000  -ION VDD= 00002.27472
00> AL(1)Op(1)exT(35892)sT(0)Wf(0)DIS(255)USB(255)
00> -BATT= 03.67  -RF Gap= 00000.00000  -ION VDD= 00000.00000
00> AL(1)Op(1)exT(35535)sT(0)Wf(0)DIS(255)USB(255)
00> -BATT= 03.67  -RF Gap= 00000.00000  -ION VDD= 00000.00000
00> ClockTime: 539
00> -BATT= 03.67  -RF Gap= 00000.33621  -ION VDD= 00002.21684
00> AL(1)Op(1)exT(35999)sT(0)Wf(0)DIS(255)USB(255)
00> ClockTime: 516
00> -BATT= 03.67  -RF Gap= 00000.01147  -ION VDD= 00002.21684
00> AL(1)Op(1)exT(35299)sT(0)Wf(0)DIS(255)USB(255)
00> -BATT= 03.67  -RF Gap= 00000.01258  -ION VDD= 00002.21684
00> AL(1)Op(1)exT(34298)sT(0)Wf(0)DIS(255)USB(255)
00> ClockTime: 515
00> ClockTime: 514
00> ClockTime: 513
00> -BATT= 03.67  -RF Gap= 00000.28649  -ION VDD= 00002.21684
00> AL(1)Op(1)exT(35997)sT(0)Wf(0)DIS(255)USB(255)
00> ClockTime: 512
00> ClockTime: 511
00> ClockTime: 510
00> ClockTime: 509
00> ClockTime: 508
00> -BATT= 03.67  -RF Gap= 00000.29419  -ION VDD= 00002.21684
00> AL(1)Op(1)exT(35997)sT(0)Wf(0)DIS(255)USB(255)
00> ClockTime: 507
00> ClockTime: 506
00> ClockTime: 505
00> [ EXTI4_15_IRQHandler ;  132 ;     518633 ] [ Power Button Pressed - Start Timing ] 
00> ClockTime: 504
00> [ ButtonTimer_Handler ;  785 ;     519833 ] [ Power Button Long Press Detected - Changing Power State ] 
00> [ ButtonTimer_Handler ;  788 ;     519833 ] [ Power Off! ] 
00> ClockTime: 503
00> -BATT= 03.67  -RF Gap= 00000.29836  -ION VDD= 00002.21684
00> AL(0)Op(0)exT(0)sT(967)Wf(0)DIS(25)USB(255)
00> [ EXTI4_15_IRQHandler ;  132 ;     521819 ] [ Power Button Pressed - Start Timing ] 
00> [ ButtonTimer_Handler ;  785 ;     523019 ] [ Power Button Long Press Detected - Changing Power State ] 
00> [ ButtonTimer_Handler ;  792 ;     523019 ] [ Power On! ] 
00> Power On Voltage: 03.64
00> [ EXTI4_15_IRQHandler ;  132 ;     524845 ] [ Power Button Pressed - Start Timing ] 
00> -BATT= 03.64  -RF Gap= 00000.29836  -ION VDD= 00002.31941
00> AL(1)Op(1)exT(36000)sT(0)Wf(0)DIS(255)USB(255)
00> [ EXTI4_15_IRQHandler ;  132 ;     525251 ] [ Power Button Pressed - Start Timing ] 
00> [ EXTI4_15_IRQHandler ;  132 ;     525598 ] [ Power Button Pressed - Start Timing ] 
00> ClockTime: 539
00> ClockTime: 538
00> ClockTime: 537
00> -BATT= 03.64  -RF Gap= 00000.29836  -ION VDD= 00001.06373
00> AL(1)Op(1)exT(35994)sT(0)Wf(0)DIS(255)USB(255)
00> ClockTime: 536
00> ClockTime: 535
00> ClockTime: 534
00> ClockTime: 533
00> ClockTime: 532
00> -BATT= 03.64  -RF Gap= 00000.29836  -ION VDD= 00001.06227
00> AL(1)Op(1)exT(35986)sT(0)Wf(0)DIS(255)USB(255)
00> ClockTime: 531
00> ClockTime: 530
00> ClockTime: 529
00> ClockTime: 528
00> ClockTime: 527
00> -BATT= 03.64  -RF Gap= 00000.29836  -ION VDD= 00002.32087
00> AL(1)Op(1)exT(36000)sT(0)Wf(0)DIS(255)USB(255)
00> ClockTime: 526
00> ClockTime: 525
00> ClockTime: 524
00> ClockTime: 523
00> ClockTime: 522
00> -BATT= 03.64  -RF Gap= 00000.29836  -ION VDD= 00001.06300
00> AL(1)Op(1)exT(35988)sT(0)Wf(0)DIS(255)USB(255)
00> ClockTime: 521
00> ClockTime: 520
00> ClockTime: 519
00> ClockTime: 518
00> ClockTime: 517
00> -BATT= 03.64  -RF Gap= 00000.29836  -ION VDD= 00001.06227
00> AL(1)Op(1)exT(35989)sT(0)Wf(0)DIS(255)USB(255)
00> ClockTime: 516
00> ClockTime: 515
00> ClockTime: 514
00> ClockTime: 513
00> ClockTime: 512
00> -BATT= 03.64  -RF Gap= 00000.29836  -ION VDD= 00002.31721
00> AL(1)Op(1)exT(35980)sT(0)Wf(0)DIS(255)USB(255)
00> ClockTime: 511
00> ClockTime: 510
00> ClockTime: 509
00> ClockTime: 508
00> ClockTime: 507
00> -BATT= 03.64  -RF Gap= 00000.29836  -ION VDD= 00002.31501
00> AL(1)Op(1)exT(35974)sT(0)Wf(0)DIS(255)USB(255)
00> ClockTime: 506
00> ClockTime: 505
00> ClockTime: 504
00> ClockTime: 503
00> ClockTime: 502
00> -BATT= 03.64  -RF Gap= 00000.29836  -ION VDD= 00001.06373
00> AL(1)Op(1)exT(35995)sT(0)Wf(0)DIS(255)USB(255)
00> ClockTime: 501
00> ClockTime: 500
00> ClockTime: 499
00> ClockTime: 498
00> ClockTime: 497
00> -BATT= 03.64  -RF Gap= 00000.29836  -ION VDD= 00001.06446
00> AL(1)Op(1)exT(35987)sT(0)Wf(0)DIS(255)USB(255)
00> ClockTime: 496
00> ClockTime: 495
00> ClockTime: 494
00> ClockTime: 493
00> ClockTime: 492
00> -BATT= 03.64  -RF Gap= 00000.29836  -ION VDD= 00002.31428
00> AL(1)Op(1)exT(35991)sT(0)Wf(0)DIS(255)USB(255)
00> ClockTime: 491
00> ClockTime: 490
00> ClockTime: 489
00> ClockTime: 488
00> ClockTime: 487
00> -BATT= 03.64  -RF Gap= 00000.29836  -ION VDD= 00001.06300
00> AL(1)Op(1)exT(35988)sT(0)Wf(0)DIS(255)USB(255)
00> ClockTime: 486
00> ClockTime: 485
00> ClockTime: 484
00> ClockTime: 483
00> ClockTime: 482
00> -BATT= 03.64  -RF Gap= 00000.29836  -ION VDD= 00001.05934
00> AL(1)Op(1)exT(35989)sT(0)Wf(0)DIS(255)USB(255)
00> ClockTime: 481
00> ClockTime: 480
00> ClockTime: 479
00> ClockTime: 478
00> ClockTime: 477
00> -BATT= 03.64  -RF Gap= 00000.29836  -ION VDD= 00002.30695
00> AL(1)Op(1)exT(35980)sT(0)Wf(0)DIS(255)USB(255)
00> ClockTime: 476
00> ClockTime: 475
00> ClockTime: 474
00> ClockTime: 473
00> ClockTime: 472
00> -BATT= 03.64  -RF Gap= 00000.29836  -ION VDD= 00002.30915
00> AL(1)Op(1)exT(35974)sT(0)Wf(0)DIS(255)USB(255)
00> ClockTime: 471
00> ClockTime: 470
00> ClockTime: 469
00> ClockTime: 468
00> ClockTime: 467
00> -BATT= 03.64  -RF Gap= 00000.29836  -ION VDD= 00001.06373
00> AL(1)Op(1)exT(35995)sT(0)Wf(0)DIS(255)USB(255)
00> ClockTime: 466
00> ClockTime: 465
00> ClockTime: 464
00> ClockTime: 463
00> ClockTime: 462
00> -BATT= 03.64  -RF Gap= 00000.29836  -ION VDD= 00001.06080
00> AL(1)Op(1)exT(35987)sT(0)Wf(0)DIS(255)USB(255)
00> ClockTime: 461
00> ClockTime: 460
00> ClockTime: 459
00> ClockTime: 458
00> -BATT= 03.64  -RF Gap= 00000.29836  -ION VDD= 00002.30256
00> AL(1)Op(1)exT(35992)sT(0)Wf(0)DIS(255)USB(255)
00> ClockTime: 457
00> ClockTime: 456
00> ClockTime: 455
00> ClockTime: 454
00> ClockTime: 453
00> -BATT= 03.64  -RF Gap= 00000.29836  -ION VDD= 00000.91428
00> AL(1)Op(1)exT(35988)sT(0)Wf(0)DIS(255)USB(255)
00> -BATT= 03.64  -RF Gap= 00000.29836  -ION VDD= 00000.00000
00> AL(1)Op(1)exT(35950)sT(0)Wf(0)DIS(255)USB(255)
00> ClockTime: 452
00> ClockTime: 451
00> ClockTime: 450
00> ClockTime: 449
00> ClockTime: 448
00> -BATT= 03.64  -RF Gap= 00000.29836  -ION VDD= 00002.31575
00> AL(1)Op(1)exT(35979)sT(0)Wf(0)DIS(255)USB(255)
00> ClockTime: 447
00> ClockTime: 446
00> ClockTime: 445
00> ClockTime: 444
00> ClockTime: 443
00> -BATT= 03.64  -RF Gap= 00000.29836  -ION VDD= 00002.31501
00> AL(1)Op(1)exT(35974)sT(0)Wf(0)DIS(255)USB(255)
00> ClockTime: 442
00> ClockTime: 441
00> ClockTime: 440
00> ClockTime: 439
00> ClockTime: 438
00> -BATT= 03.64  -RF Gap= 00000.29836  -ION VDD= 00001.06446
00> AL(1)Op(1)exT(35995)sT(0)Wf(0)DIS(255)USB(255)
00> ClockTime: 437
00> ClockTime: 436
00> ClockTime: 435
00> ClockTime: 434
00> ClockTime: 433
00> -BATT= 03.64  -RF Gap= 00000.29836  -ION VDD= 00001.05054
00> AL(1)Op(1)exT(35987)sT(0)Wf(0)DIS(255)USB(255)
00> ClockTime: 432
00> ClockTime: 431
00> ClockTime: 430
00> ClockTime: 429
00> ClockTime: 428
00> -BATT= 03.64  -RF Gap= 00000.29836  -ION VDD= 00002.30476
00> AL(1)Op(1)exT(35990)sT(0)Wf(0)DIS(255)USB(255)
00> ClockTime: 427
00> ClockTime: 426
00> ClockTime: 425
00> ClockTime: 424
00> ClockTime: 423
00> -BATT= 03.64  -RF Gap= 00000.29836  -ION VDD= 00001.06227
00> AL(1)Op(1)exT(35988)sT(0)Wf(0)DIS(255)USB(255)
00> ClockTime: 422
00> ClockTime: 421
00> ClockTime: 420
00> ClockTime: 419
00> ClockTime: 418
00> -BATT= 03.64  -RF Gap= 00000.29836  -ION VDD= 00001.06373
00> AL(1)Op(1)exT(35989)sT(0)Wf(0)DIS(255)USB(255)
00> ClockTime: 417
00> ClockTime: 416
00> ClockTime: 415
00> ClockTime: 414
00> ClockTime: 413
00> -BATT= 03.64  -RF Gap= 00000.29836  -ION VDD= 00002.29670
00> AL(1)Op(1)exT(35979)sT(0)Wf(0)DIS(255)USB(255)
00> ClockTime: 412
00> ClockTime: 411
00> ClockTime: 410
00> ClockTime: 409
00> ClockTime: 408
00> -BATT= 03.64  -RF Gap= 00000.29836  -ION VDD= 00002.28205
00> AL(1)Op(1)exT(35974)sT(0)Wf(0)DIS(255)USB(255)
00> ClockTime: 407
00> ClockTime: 406
00> ClockTime: 405
00> ClockTime: 404
00> ClockTime: 403
00> -BATT= 03.64  -RF Gap= 00000.29836  -ION VDD= 00001.05934
00> AL(1)Op(1)exT(35995)sT(0)Wf(0)DIS(255)USB(255)
00> ClockTime: 402
00> ClockTime: 401
00> ClockTime: 400
00> ClockTime: 399
00> ClockTime: 398
00> -BATT= 03.64  -RF Gap= 00000.29836  -ION VDD= 00001.05934
00> AL(1)Op(1)exT(35987)sT(0)Wf(0)DIS(255)USB(255)
00> ClockTime: 397
00> ClockTime: 396
00> -BATT= 03.64  -RF Gap= 00000.29836  -ION VDD= 00000.00000
00> AL(1)Op(1)exT(35774)sT(0)Wf(0)DIS(255)USB(255)
00> -BATT= 03.64  -RF Gap= 00000.29836  -ION VDD= 00000.00000
00> AL(1)Op(1)exT(34774)sT(0)Wf(0)DIS(255)USB(255)
00> ClockTime: 395
00> ClockTime: 394
00> -BATT= 03.64  -RF Gap= 00000.29836  -ION VDD= 00000.95457
00> AL(1)Op(1)exT(35989)sT(0)Wf(0)DIS(255)USB(255)
00> ClockTime: 393
00> ClockTime: 392
00> ClockTime: 391
00> ClockTime: 390
00> ClockTime: 389
00> -BATT= 03.64  -RF Gap= 00000.29836  -ION VDD= 00002.29890
00> AL(1)Op(1)exT(35979)sT(0)Wf(0)DIS(255)USB(255)
00> ClockTime: 388
00> ClockTime: 387
00> ClockTime: 386
00> ClockTime: 385
00> ClockTime: 384
00> -BATT= 03.64  -RF Gap= 00000.29836  -ION VDD= 00002.01831
00> AL(1)Op(1)exT(35974)sT(0)Wf(0)DIS(255)USB(255)
00> ClockTime: 383
00> ClockTime: 382
00> ClockTime: 381
00> ClockTime: 380
00> ClockTime: 379
00> -BATT= 03.64  -RF Gap= 00000.29836  -ION VDD= 00001.06227
00> AL(1)Op(1)exT(35995)sT(0)Wf(0)DIS(255)USB(255)
00> ClockTime: 378
00> ClockTime: 377
00> ClockTime: 376
00> ClockTime: 375
00> ClockTime: 374
00> -BATT= 03.64  -RF Gap= 00000.29836  -ION VDD= 00001.06153
00> AL(1)Op(1)exT(35987)sT(0)Wf(0)DIS(255)USB(255)
00> ClockTime: 373
00> ClockTime: 372
00> ClockTime: 371
00> ClockTime: 370
00> ClockTime: 369
00> -BATT= 03.64  -RF Gap= 00000.29836  -ION VDD= 00002.29743
00> AL(1)Op(1)exT(35992)sT(0)Wf(0)DIS(255)USB(255)
00> ClockTime: 368
00> ClockTime: 367
00> ClockTime: 366
00> ClockTime: 365
00> ClockTime: 364
00> -BATT= 03.64  -RF Gap= 00000.29836  -ION VDD= 00001.06153
00> AL(1)Op(1)exT(35988)sT(0)Wf(0)DIS(255)USB(255)
00> ClockTime: 363
00> ClockTime: 362
00> ClockTime: 361
00> ClockTime: 360
00> ClockTime: 359
00> -BATT= 03.64  -RF Gap= 00000.29836  -ION VDD= 00000.99194
00> AL(1)Op(1)exT(35989)sT(0)Wf(0)DIS(255)USB(255)
00> ClockTime: 358
00> ClockTime: 357
00> ClockTime: 356
00> ClockTime: 355
00> ClockTime: 354
00> -BATT= 03.64  -RF Gap= 00000.29836  -ION VDD= 00002.29597
00> AL(1)Op(1)exT(35988)sT(0)Wf(0)DIS(255)USB(255)
00> ClockTime: 353
00> ClockTime: 352
00> ClockTime: 351
00> ClockTime: 350
00> ClockTime: 349
00> -BATT= 03.64  -RF Gap= 00000.29836  -ION VDD= 00002.29743
00> AL(1)Op(1)exT(35908)sT(0)Wf(0)DIS(255)USB(255)
00> ClockTime: 348
00> ClockTime: 347
00> ClockTime: 346
00> ClockTime: 345
00> ClockTime: 344
00> -BATT= 03.64  -RF Gap= 00000.29836  -ION VDD= 00002.28644
00> AL(1)Op(1)exT(35943)sT(0)Wf(0)DIS(255)USB(255)
00> ClockTime: 343
00> ClockTime: 342
00> ClockTime: 341
00> ClockTime: 340
00> ClockTime: 339
00> -BATT= 03.64  -RF Gap= 00000.29836  -ION VDD= 00002.28424
00> AL(1)Op(1)exT(35978)sT(0)Wf(0)DIS(255)USB(255)
00> ClockTime: 338
00> ClockTime: 337
00> ClockTime: 336
00> ClockTime: 335
00> ClockTime: 334
00> -BATT= 03.64  -RF Gap= 00000.29836  -ION VDD= 00002.28864
00> AL(1)Op(1)exT(35898)sT(0)Wf(0)DIS(255)USB(255)
00> -BATT= 03.64  -RF Gap= 00000.29836  -ION VDD= 00000.00000
00> AL(1)Op(1)exT(34898)sT(0)Wf(0)DIS(255)USB(255)
00> ClockTime: 333
00> ClockTime: 332
00> ClockTime: 331
00> ClockTime: 330
00> -BATT= 03.64  -RF Gap= 00000.29836  -ION VDD= 00002.29670
00> AL(1)Op(1)exT(35905)sT(0)Wf(0)DIS(255)USB(255)
00> ClockTime: 329
00> ClockTime: 328
00> ClockTime: 327
00> ClockTime: 326
00> ClockTime: 325
00> -BATT= 03.64  -RF Gap= 00000.29836  -ION VDD= 00002.28571
00> AL(1)Op(1)exT(35940)sT(0)Wf(0)DIS(255)USB(255)
00> ClockTime: 324
00> ClockTime: 323
00> ClockTime: 322
00> ClockTime: 321
00> ClockTime: 320
00> -BATT= 03.64  -RF Gap= 00000.29836  -ION VDD= 00002.28644
00> AL(1)Op(1)exT(35975)sT(0)Wf(0)DIS(255)USB(255)
00> ClockTime: 319
00> ClockTime: 318
00> ClockTime: 317
00> ClockTime: 316
00> ClockTime: 315
00> -BATT= 03.64  -RF Gap= 00000.29836  -ION VDD= 00002.28131
00> AL(1)Op(1)exT(35895)sT(0)Wf(0)DIS(255)USB(255)
00> ClockTime: 314
00> ClockTime: 313
00> ClockTime: 312
00> ClockTime: 311
00> ClockTime: 310
00> -BATT= 03.64  -RF Gap= 00000.29836  -ION VDD= 00002.27619
00> AL(1)Op(1)exT(35930)sT(0)Wf(0)DIS(255)USB(255)
00> ClockTime: 309
00> ClockTime: 308
00> ClockTime: 307
00> ClockTime: 306
00> ClockTime: 305
00> -BATT= 03.64  -RF Gap= 00000.29836  -ION VDD= 00001.54652
00> AL(1)Op(1)exT(35965)sT(0)Wf(0)DIS(255)USB(255)
00> ClockTime: 304
00> ClockTime: 303
00> ClockTime: 302
00> ClockTime: 301
00> ClockTime: 300
00> -BATT= 03.64  -RF Gap= 00000.29836  -ION VDD= 00001.54871
00> AL(1)Op(1)exT(36000)sT(0)Wf(0)DIS(255)USB(255)
00> ClockTime: 299
00> ClockTime: 298
00> ClockTime: 297
00> ClockTime: 296
00> ClockTime: 295
00> -BATT= 03.64  -RF Gap= 00000.29836  -ION VDD= 00001.53479
00> AL(1)Op(1)exT(35920)sT(0)Wf(0)DIS(255)USB(255)
00> ClockTime: 294
00> ClockTime: 293
00> ClockTime: 292
00> ClockTime: 291
00> ClockTime: 290
00> -BATT= 03.64  -RF Gap= 00000.29836  -ION VDD= 00001.53333
00> AL(1)Op(1)exT(35955)sT(0)Wf(0)DIS(255)USB(255)
00> ClockTime: 289
00> ClockTime: 288
00> ClockTime: 287
00> ClockTime: 286
00> ClockTime: 285
00> -BATT= 03.64  -RF Gap= 00000.29836  -ION VDD= 00001.54652
00> AL(1)Op(1)exT(35990)sT(0)Wf(0)DIS(255)USB(255)
00> ClockTime: 284
00> ClockTime: 283
00> ClockTime: 282
00> ClockTime: 281
00> ClockTime: 280
00> -BATT= 03.64  -RF Gap= 00000.29836  -ION VDD= 00001.53333
00> AL(1)Op(1)exT(35910)sT(0)Wf(0)DIS(255)USB(255)
00> ClockTime: 279
00> ClockTime: 278
00> ClockTime: 277
00> ClockTime: 276
00> ClockTime: 275
00> -BATT= 03.64  -RF Gap= 00000.29836  -ION VDD= 00001.53260
00> AL(1)Op(1)exT(35945)sT(0)Wf(0)DIS(255)USB(255)
00> ClockTime: 274
00> ClockTime: 273
00> ClockTime: 272
00> ClockTime: 271
00> ClockTime: 270
00> -BATT= 03.64  -RF Gap= 00000.29836  -ION VDD= 00001.53186
00> AL(1)Op(1)exT(35980)sT(0)Wf(0)DIS(255)USB(255)
00> ClockTime: 269
00> ClockTime: 268
00> ClockTime: 267
00> ClockTime: 266
00> ClockTime: 265
00> -BATT= 03.64  -RF Gap= 00000.29836  -ION VDD= 00001.53333
00> AL(1)Op(1)exT(35900)sT(0)Wf(0)DIS(255)USB(255)
00> ClockTime: 264
00> ClockTime: 263
00> ClockTime: 262
00> ClockTime: 261
00> ClockTime: 260
00> -BATT= 03.64  -RF Gap= 00000.29836  -ION VDD= 00001.55018
00> AL(1)Op(1)exT(35935)sT(0)Wf(0)DIS(255)USB(255)
00> ClockTime: 259
00> ClockTime: 258
00> ClockTime: 257
00> ClockTime: 256
00> ClockTime: 255
00> -BATT= 03.64  -RF Gap= 00000.29836  -ION VDD= 00001.55018
00> AL(1)Op(1)exT(35970)sT(0)Wf(0)DIS(255)USB(255)
00> ClockTime: 254
00> ClockTime: 253
00> ClockTime: 252
00> ClockTime: 251
00> ClockTime: 250
00> -BATT= 03.64  -RF Gap= 00000.29836  -ION VDD= 00001.55018
00> AL(1)Op(1)exT(35890)sT(0)Wf(0)DIS(255)USB(255)
00> ClockTime: 249
00> ClockTime: 248
00> ClockTime: 247
00> ClockTime: 246
00> ClockTime: 245
00> -BATT= 03.64  -RF Gap= 00000.29836  -ION VDD= 00002.28498
00> AL(1)Op(1)exT(35925)sT(0)Wf(0)DIS(255)USB(255)
00> ClockTime: 244
00> ClockTime: 243
00> ClockTime: 242
00> ClockTime: 241
00> ClockTime: 240
00> -BATT= 03.64  -RF Gap= 00000.29836  -ION VDD= 00002.27179
00> AL(1)Op(1)exT(35960)sT(0)Wf(0)DIS(255)USB(255)
00> ClockTime: 239
00> ClockTime: 238
00> ClockTime: 237
00> ClockTime: 236
00> -BATT= 03.64  -RF Gap= 00000.29836  -ION VDD= 00002.28205
00> AL(1)Op(1)exT(35928)sT(0)Wf(0)DIS(255)USB(255)
00> ClockTime: 235
00> ClockTime: 234
00> ClockTime: 233
00> ClockTime: 232
00> ClockTime: 231
00> -BATT= 03.64  -RF Gap= 00000.29836  -ION VDD= 00002.28717
00> AL(1)Op(1)exT(35965)sT(0)Wf(0)DIS(255)USB(255)
00> ClockTime: 230
00> ClockTime: 229
00> ClockTime: 228
00> ClockTime: 227
00> ClockTime: 226
00> -BATT= 03.64  -RF Gap= 00000.29836  -ION VDD= 00002.28424
00> AL(1)Op(1)exT(36000)sT(0)Wf(0)DIS(255)USB(255)
00> ClockTime: 225
00> ClockTime: 224
00> ClockTime: 223
00> ClockTime: 222
00> ClockTime: 221
00> -BATT= 03.64  -RF Gap= 00000.29836  -ION VDD= 00002.28058
00> AL(1)Op(1)exT(35920)sT(0)Wf(0)DIS(255)USB(255)
00> ClockTime: 220
00> ClockTime: 219
00> ClockTime: 218
00> ClockTime: 217
00> ClockTime: 216
00> -BATT= 03.64  -RF Gap= 00000.29836  -ION VDD= 00002.28131
00> AL(1)Op(1)exT(35955)sT(0)Wf(0)DIS(255)USB(255)
00> ClockTime: 215
00> ClockTime: 214
00> ClockTime: 213
00> ClockTime: 212
00> ClockTime: 211
00> -BATT= 03.64  -RF Gap= 00000.29836  -ION VDD= 00002.27985
00> AL(1)Op(1)exT(35990)sT(0)Wf(0)DIS(255)USB(255)
00> ClockTime: 210
00> ClockTime: 209
00> ClockTime: 208
00> ClockTime: 207
00> ClockTime: 206
00> -BATT= 03.64  -RF Gap= 00000.29836  -ION VDD= 00002.28205
00> AL(1)Op(1)exT(35910)sT(0)Wf(0)DIS(255)USB(255)
00> ClockTime: 205
00> ClockTime: 204
00> ClockTime: 203
00> -BATT= 03.64  -RF Gap= 00000.29836  -ION VDD= 00000.00000
00> AL(1)Op(1)exT(35485)sT(0)Wf(0)DIS(255)USB(255)
00> ClockTime: 202
00> ClockTime: 201
00> ClockTime: 200
00> ClockTime: 199
00> -BATT= 03.64  -RF Gap= 00000.29836  -ION VDD= 00002.28205
00> AL(1)Op(1)exT(35897)sT(0)Wf(0)DIS(255)USB(255)
00> ClockTime: 198
00> ClockTime: 197
00> ClockTime: 196
00> ClockTime: 195
00> ClockTime: 194
00> -BATT= 03.64  -RF Gap= 00000.29836  -ION VDD= 00002.26959
00> AL(1)Op(1)exT(35932)sT(0)Wf(0)DIS(255)USB(255)
00> ClockTime: 193
00> ClockTime: 192
00> ClockTime: 191
00> ClockTime: 190
00> ClockTime: 189
00> -BATT= 03.64  -RF Gap= 00000.29836  -ION VDD= 00002.26520
00> AL(1)Op(1)exT(35967)sT(0)Wf(0)DIS(255)USB(255)
00> ClockTime: 188
00> ClockTime: 187
00> ClockTime: 186
00> ClockTime: 185
00> ClockTime: 184
00> -BATT= 03.64  -RF Gap= 00000.29836  -ION VDD= 00002.26593
00> AL(1)Op(1)exT(35887)sT(0)Wf(0)DIS(255)USB(255)
00> ClockTime: 183
00> ClockTime: 182
00> ClockTime: 181
00> ClockTime: 180
00> ClockTime: 179
00> -BATT= 03.64  -RF Gap= 00000.29836  -ION VDD= 00002.26886
00> AL(1)Op(1)exT(35923)sT(0)Wf(0)DIS(255)USB(255)
00> -BATT= 03.64  -RF Gap= 00000.00461  -ION VDD= 00002.26593
00> AL(1)Op(1)exT(34923)sT(0)Wf(0)DIS(255)USB(255)
00> [ EXTI0_1_IRQHandler ;  104 ;     923244 ] [ USB Detected!
00>  ] 
00> USB Seq Connected!
00> [ ProcessDisplay ;  308 ;     923357 ] [ DisplayCharging01 ] 
00> battery volt to how much charged: 03.64
00> battery volt to how much charged: 03.64
00> -BATT= 03.64  -RF Gap= 00000.13734  -ION VDD= 00002.26593
00> AL(0)Op(0)exT(0)sT(0)Wf(0)DIS(171)USB(2)
00> battery volt to how much charged: 03.64
00> battery volt to how much charged: 03.64
00> battery volt to how much charged: 03.64

# Logging stopped @ 21 May 2025 11:24:30
